{"/Users/sumitkhandelwal/Training/Eduramp/08_Jan25_Optum/playground/frontend-react/src/tests/utils.js": {"path":"/Users/sumitkhandelwal/Training/Eduramp/08_Jan25_Optum/playground/frontend-react/src/tests/utils.js","all":false,"statementMap":{"0":{"start":{"line":1,"column":0},"end":{"line":1,"column":32}},"1":{"start":{"line":2,"column":0},"end":{"line":2,"column":0}},"2":{"start":{"line":3,"column":0},"end":{"line":3,"column":58}},"3":{"start":{"line":4,"column":0},"end":{"line":4,"column":0}},"4":{"start":{"line":5,"column":0},"end":{"line":5,"column":39}}},"s":{"0":1,"1":1,"2":1,"3":1,"4":1},"branchMap":{"0":{"type":"branch","line":1,"loc":{"start":{"line":1,"column":12},"end":{"line":1,"column":31}},"locations":[{"start":{"line":1,"column":12},"end":{"line":1,"column":31}}]},"1":{"type":"branch","line":3,"loc":{"start":{"line":3,"column":22},"end":{"line":3,"column":57}},"locations":[{"start":{"line":3,"column":22},"end":{"line":3,"column":57}}]}},"b":{"0":[1],"1":[1]},"fnMap":{"0":{"name":"sum","decl":{"start":{"line":1,"column":12},"end":{"line":1,"column":31}},"loc":{"start":{"line":1,"column":12},"end":{"line":1,"column":31}},"line":1},"1":{"name":"getFirstName","decl":{"start":{"line":3,"column":22},"end":{"line":3,"column":57}},"loc":{"start":{"line":3,"column":22},"end":{"line":3,"column":57}},"line":3}},"f":{"0":1,"1":1}}
}
